Classic Timing Analyzer report for sev_seg
Mon Nov 05 18:52:31 2018
Quartus II Version 9.1 Build 350 03/24/2010 Service Pack 2 SJ Web Edition


---------------------
; Table of Contents ;
---------------------
  1. Legal Notice
  2. Timing Analyzer Summary
  3. Timing Analyzer Settings
  4. Parallel Compilation
  5. tpd
  6. Timing Analyzer Messages



----------------
; Legal Notice ;
----------------
Copyright (C) 1991-2010 Altera Corporation
Your use of Altera Corporation's design tools, logic functions 
and other software and tools, and its AMPP partner logic 
functions, and any output files from any of the foregoing 
(including device programming or simulation files), and any 
associated documentation or information are expressly subject 
to the terms and conditions of the Altera Program License 
Subscription Agreement, Altera MegaCore Function License 
Agreement, or other applicable license agreement, including, 
without limitation, that your use is for the sole purpose of 
programming logic devices manufactured by Altera and sold by 
Altera or its authorized distributors.  Please refer to the 
applicable agreement for further details.



+-------------------------------------------------------------------------------------------------------------------------------+
; Timing Analyzer Summary                                                                                                       ;
+------------------------------+-------+---------------+-------------+----------+--------+------------+----------+--------------+
; Type                         ; Slack ; Required Time ; Actual Time ; From     ; To     ; From Clock ; To Clock ; Failed Paths ;
+------------------------------+-------+---------------+-------------+----------+--------+------------+----------+--------------+
; Worst-case tpd               ; N/A   ; None          ; 11.827 ns   ; input[1] ; led[2] ; --         ; --       ; 0            ;
; Total number of failed paths ;       ;               ;             ;          ;        ;            ;          ; 0            ;
+------------------------------+-------+---------------+-------------+----------+--------+------------+----------+--------------+


+-----------------------------------------------------------------------------------------------------------------------------------------------------+
; Timing Analyzer Settings                                                                                                                            ;
+------------------------------------------------------------------------------------------------------+--------------------+------+----+-------------+
; Option                                                                                               ; Setting            ; From ; To ; Entity Name ;
+------------------------------------------------------------------------------------------------------+--------------------+------+----+-------------+
; Device Name                                                                                          ; EP2C20F484C7       ;      ;    ;             ;
; Timing Models                                                                                        ; Final              ;      ;    ;             ;
; Default hold multicycle                                                                              ; Same as Multicycle ;      ;    ;             ;
; Cut paths between unrelated clock domains                                                            ; On                 ;      ;    ;             ;
; Cut off read during write signal paths                                                               ; On                 ;      ;    ;             ;
; Cut off feedback from I/O pins                                                                       ; On                 ;      ;    ;             ;
; Report Combined Fast/Slow Timing                                                                     ; Off                ;      ;    ;             ;
; Ignore Clock Settings                                                                                ; Off                ;      ;    ;             ;
; Analyze latches as synchronous elements                                                              ; On                 ;      ;    ;             ;
; Enable Recovery/Removal analysis                                                                     ; Off                ;      ;    ;             ;
; Enable Clock Latency                                                                                 ; Off                ;      ;    ;             ;
; Use TimeQuest Timing Analyzer                                                                        ; Off                ;      ;    ;             ;
; Minimum Core Junction Temperature                                                                    ; 0                  ;      ;    ;             ;
; Maximum Core Junction Temperature                                                                    ; 85                 ;      ;    ;             ;
; Number of source nodes to report per destination node                                                ; 10                 ;      ;    ;             ;
; Number of destination nodes to report                                                                ; 10                 ;      ;    ;             ;
; Number of paths to report                                                                            ; 200                ;      ;    ;             ;
; Report Minimum Timing Checks                                                                         ; Off                ;      ;    ;             ;
; Use Fast Timing Models                                                                               ; Off                ;      ;    ;             ;
; Report IO Paths Separately                                                                           ; Off                ;      ;    ;             ;
; Perform Multicorner Analysis                                                                         ; On                 ;      ;    ;             ;
; Reports the worst-case path for each clock domain and analysis                                       ; Off                ;      ;    ;             ;
; Reports worst-case timing paths for each clock domain and analysis                                   ; On                 ;      ;    ;             ;
; Specifies the maximum number of worst-case timing paths to report for each clock domain and analysis ; 100                ;      ;    ;             ;
; Removes common clock path pessimism (CCPP) during slack computation                                  ; Off                ;      ;    ;             ;
; Output I/O Timing Endpoint                                                                           ; Near End           ;      ;    ;             ;
+------------------------------------------------------------------------------------------------------+--------------------+------+----+-------------+


Parallel compilation was disabled, but you have multiple processors available. Enable parallel compilation to reduce compilation time.
+-------------------------------------+
; Parallel Compilation                ;
+----------------------------+--------+
; Processors                 ; Number ;
+----------------------------+--------+
; Number detected on machine ; 2      ;
; Maximum allowed            ; 1      ;
+----------------------------+--------+


+-----------------------------------------------------------------------+
; tpd                                                                   ;
+-------+-------------------+-----------------+----------+--------------+
; Slack ; Required P2P Time ; Actual P2P Time ; From     ; To           ;
+-------+-------------------+-----------------+----------+--------------+
; N/A   ; None              ; 11.827 ns       ; input[1] ; led[2]       ;
; N/A   ; None              ; 11.778 ns       ; input[1] ; led[4]       ;
; N/A   ; None              ; 11.759 ns       ; input[2] ; led[2]       ;
; N/A   ; None              ; 11.739 ns       ; input[0] ; led[2]       ;
; N/A   ; None              ; 11.707 ns       ; input[2] ; led[4]       ;
; N/A   ; None              ; 11.626 ns       ; input[0] ; led[4]       ;
; N/A   ; None              ; 10.499 ns       ; input[1] ; led_carry[0] ;
; N/A   ; None              ; 10.478 ns       ; input[1] ; led[6]       ;
; N/A   ; None              ; 10.408 ns       ; input[2] ; led[6]       ;
; N/A   ; None              ; 10.387 ns       ; input[0] ; led[6]       ;
; N/A   ; None              ; 10.385 ns       ; input[3] ; led_carry[0] ;
; N/A   ; None              ; 10.385 ns       ; input[3] ; led[6]       ;
; N/A   ; None              ; 10.124 ns       ; input[1] ; led[1]       ;
; N/A   ; None              ; 10.112 ns       ; input[1] ; led[5]       ;
; N/A   ; None              ; 10.104 ns       ; input[1] ; led_carry[2] ;
; N/A   ; None              ; 10.094 ns       ; input[1] ; led_carry[1] ;
; N/A   ; None              ; 10.059 ns       ; input[0] ; led_carry[0] ;
; N/A   ; None              ; 10.053 ns       ; input[2] ; led[1]       ;
; N/A   ; None              ; 10.044 ns       ; input[2] ; led[5]       ;
; N/A   ; None              ; 10.032 ns       ; input[0] ; led[1]       ;
; N/A   ; None              ; 10.030 ns       ; input[3] ; led[1]       ;
; N/A   ; None              ; 10.023 ns       ; input[3] ; led[5]       ;
; N/A   ; None              ; 9.990 ns        ; input[3] ; led_carry[2] ;
; N/A   ; None              ; 9.980 ns        ; input[3] ; led_carry[1] ;
; N/A   ; None              ; 9.746 ns        ; input[1] ; led[3]       ;
; N/A   ; None              ; 9.738 ns        ; input[1] ; led_carry[3] ;
; N/A   ; None              ; 9.674 ns        ; input[2] ; led[3]       ;
; N/A   ; None              ; 9.664 ns        ; input[0] ; led_carry[2] ;
; N/A   ; None              ; 9.656 ns        ; input[3] ; led[3]       ;
; N/A   ; None              ; 9.654 ns        ; input[0] ; led_carry[1] ;
; N/A   ; None              ; 9.654 ns        ; input[0] ; led[3]       ;
; N/A   ; None              ; 9.624 ns        ; input[3] ; led_carry[3] ;
; N/A   ; None              ; 9.298 ns        ; input[0] ; led_carry[3] ;
+-------+-------------------+-----------------+----------+--------------+


+--------------------------+
; Timing Analyzer Messages ;
+--------------------------+
Info: *******************************************************************
Info: Running Quartus II Classic Timing Analyzer
    Info: Version 9.1 Build 350 03/24/2010 Service Pack 2 SJ Web Edition
    Info: Processing started: Mon Nov 05 18:52:30 2018
Info: Command: quartus_tan --read_settings_files=off --write_settings_files=off sev_seg -c sev_seg --timing_analysis_only
Info: Longest tpd from source pin "input[1]" to destination pin "led[2]" is 11.827 ns
    Info: 1: + IC(0.000 ns) + CELL(0.844 ns) = 0.844 ns; Loc. = PIN_G5; Fanout = 7; PIN Node = 'input[1]'
    Info: 2: + IC(5.231 ns) + CELL(0.319 ns) = 6.394 ns; Loc. = LCCOMB_X1_Y21_N10; Fanout = 1; COMB Node = 'led~1'
    Info: 3: + IC(2.437 ns) + CELL(2.996 ns) = 11.827 ns; Loc. = PIN_C10; Fanout = 0; PIN Node = 'led[2]'
    Info: Total cell delay = 4.159 ns ( 35.17 % )
    Info: Total interconnect delay = 7.668 ns ( 64.83 % )
Info: Quartus II Classic Timing Analyzer was successful. 0 errors, 0 warnings
    Info: Peak virtual memory: 192 megabytes
    Info: Processing ended: Mon Nov 05 18:52:31 2018
    Info: Elapsed time: 00:00:01
    Info: Total CPU time (on all processors): 00:00:00


